<?xml version="1.0" encoding="UTF-8"?>
<!-- Generated by org.testng.reporters.JUnitReportReporter -->
<testsuite hostname="Akash" failures="0" tests="2" name="test.ItTeamTest" time="0.001" errors="0" timestamp="2021-11-16T15:48:03 IST" skipped="0">
  <testcase classname="test.ItTeamTest" name="getSkillSetTest" time="0.000"/>
  <system-out/>
  <testcase classname="test.ItTeamTest" name="getBonusTest" time="0.001"/>
  <system-out/>
</testsuite> <!-- test.ItTeamTest -->
