<?xml version="1.0" encoding="UTF-8"?>
<!-- Generated by org.testng.reporters.JUnitReportReporter -->
<testsuite hostname="Akash" failures="0" tests="3" name="test.ProductServiceTest" time="0.007" errors="0" timestamp="2021-11-16T15:48:03 IST" skipped="0">
  <testcase classname="test.ProductServiceTest" name="filterProductTest" time="0.002"/>
  <system-out/>
  <testcase classname="test.ProductServiceTest" name="searchProductTest" time="0.000"/>
  <system-out/>
  <testcase classname="test.ProductServiceTest" name="isExpiriedTest" time="0.005"/>
  <system-out/>
</testsuite> <!-- test.ProductServiceTest -->
