<?xml version="1.0" encoding="UTF-8"?>
<!-- Generated by org.testng.reporters.JUnitReportReporter -->
<testsuite hostname="Akash" failures="0" tests="1" name="test.LoginServiceTest" time="0.001" errors="0" timestamp="2021-11-16T15:48:03 IST" skipped="0">
  <testcase classname="test.LoginServiceTest" name="checkUserTest" time="0.001"/>
  <system-out/>
</testsuite> <!-- test.LoginServiceTest -->
