<?xml version="1.0" encoding="UTF-8"?>
<!-- Generated by org.testng.reporters.JUnitReportReporter -->
<testsuite hostname="Akash" failures="0" tests="1" name="com.LoginServiceTest" time="0.009" errors="0" timestamp="2021-11-16T15:02:13 IST" skipped="0">
  <testcase classname="com.LoginServiceTest" name="checkUserTest" time="0.009"/>
  <system-out/>
</testsuite> <!-- com.LoginServiceTest -->
